Using pre-set license

 COMMAND LINE ARGUMENTS:
/Applications/Unity/Hub/Editor/2020.2.7f1/Unity.app/Contents/MacOS/Unity
-adb2
-batchMode
-noUpm
-name
AssetImportWorker0
-projectPath
/Users/dmitrytristen/UnityProjects/unity-2021-2pt/unity-2021-2pt/nav-project-2-2
-logFile
Logs/AssetImportWorker0.log
-srvPort
62369
Successfully changed project path to: /Users/dmitrytristen/UnityProjects/unity-2021-2pt/unity-2021-2pt/nav-project-2-2
/Users/dmitrytristen/UnityProjects/unity-2021-2pt/unity-2021-2pt/nav-project-2-2
Using Asset Import Pipeline V2.
Refreshing native plugins compatible for Editor in 24.05 ms, found 1 plugins.
Preloading 0 native plugins for Editor in 0.00 ms.
Initialize engine version: 2020.2.7f1 (c53830e277f1)
[Subsystems] Discovering subsystems at path /Applications/Unity/Hub/Editor/2020.2.7f1/Unity.app/Contents/Resources/UnitySubsystems
[Subsystems] Discovering subsystems at path /Users/dmitrytristen/UnityProjects/unity-2021-2pt/unity-2021-2pt/nav-project-2-2/Assets
GfxDevice: creating device client; threaded=0
2021-04-23 17:25:28.285 Unity[45102:2225218] Color LCD preferred device: AMD Radeon Pro 555X (high power)
2021-04-23 17:25:28.285 Unity[45102:2225218] Metal devices available: 2
2021-04-23 17:25:28.285 Unity[45102:2225218] 0: AMD Radeon Pro 555X (high power)
2021-04-23 17:25:28.285 Unity[45102:2225218] 1: Intel(R) UHD Graphics 630 (low power)
2021-04-23 17:25:28.286 Unity[45102:2225218] Using device AMD Radeon Pro 555X (high power)
Initializing Metal device caps: AMD Radeon Pro 555X
Initialize mono
Mono path[0] = '/Applications/Unity/Hub/Editor/2020.2.7f1/Unity.app/Contents/Managed'
Mono path[1] = '/Applications/Unity/Hub/Editor/2020.2.7f1/Unity.app/Contents/MonoBleedingEdge/lib/mono/unityjit'
Mono config path = '/Applications/Unity/Hub/Editor/2020.2.7f1/Unity.app/Contents/MonoBleedingEdge/etc'
Using monoOptions --debugger-agent=transport=dt_socket,embedding=1,server=y,suspend=n,address=127.0.0.1:56102
Begin MonoManager ReloadAssembly
Registering precompiled unity dll's ...
Register platform support module: /Applications/Unity/Hub/Editor/2020.2.7f1/PlaybackEngines/WebGLSupport/UnityEditor.WebGL.Extensions.dll
Register platform support module: /Applications/Unity/Hub/Editor/2020.2.7f1/Unity.app/Contents/PlaybackEngines/MacStandaloneSupport/UnityEditor.OSXStandalone.Extensions.dll
Register platform support module: /Applications/Unity/Hub/Editor/2020.2.7f1/PlaybackEngines/WindowsStandaloneSupport/UnityEditor.WindowsStandalone.Extensions.dll
Registered in 0.000734 seconds.
Native extension for WindowsStandalone target not found
Native extension for OSXStandalone target not found
Native extension for WebGL target not found
Refreshing native plugins compatible for Editor in 22.87 ms, found 1 plugins.
Preloading 0 native plugins for Editor in 0.00 ms.
Invoked RoslynAnalysisRunner static constructor.
RoslynAnalysisRunner will not be running.
RoslynAnalysisRunner has terminated.
Mono: successfully reloaded assembly
- Completed reload, in  3.864 seconds
Platform modules already initialized, skipping
Registering precompiled user dll's ...
Registered in 0.000398 seconds.
Begin MonoManager ReloadAssembly
Native extension for WindowsStandalone target not found
Native extension for OSXStandalone target not found
Native extension for WebGL target not found
Refreshing native plugins compatible for Editor in 0.21 ms, found 1 plugins.
Preloading 0 native plugins for Editor in 0.00 ms.
Invoked RoslynAnalysisRunner static constructor.
RoslynAnalysisRunner will not be running.
RoslynAnalysisRunner has terminated.
Mono: successfully reloaded assembly
- Completed reload, in  0.933 seconds
Platform modules already initialized, skipping
========================================================================
Worker process is ready to serve import requests
Launching external process: /Applications/Unity/Hub/Editor/2020.2.7f1/Unity.app/Contents/Tools/UnityShaderCompiler
Launched and connected shader compiler UnityShaderCompiler after 0.02 seconds
Refreshing native plugins compatible for Editor in 0.25 ms, found 1 plugins.
Preloading 0 native plugins for Editor in 0.00 ms.
Unloading 1318 Unused Serialized files (Serialized files now loaded: 0)
System memory in use before: 122.5 MB.
System memory in use after: 122.6 MB.

Unloading 10 unused Assets to reduce memory usage. Loaded Objects now: 1760.
Total: 2.098921 ms (FindLiveObjects: 0.166158 ms CreateObjectMapping: 0.042067 ms MarkObjects: 1.820346 ms  DeleteObjects: 0.068849 ms)

========================================================================
Received Import Request.
  path: Assets/Animations
  artifactKey: Guid(da8de1d765f0241ccb7503d3db00ced3) Importer(815301076,1909f56bfc062723c751e8b465ee728b)
Start importing Assets/Animations using Guid(da8de1d765f0241ccb7503d3db00ced3) Importer(815301076,1909f56bfc062723c751e8b465ee728b)  -> (artifact id: 'ce0ca2e25848429ef0966b13214704a7') in 0.004427 seconds
  Import took 0.006999 seconds .

========================================================================
Received Import Request.
  Time since last request: 18.470970 seconds.
  path: Assets/Animations/New Animation.anim
  artifactKey: Guid(a59bde836352b40579317aa5138b05ca) Importer(815301076,1909f56bfc062723c751e8b465ee728b)
Start importing Assets/Animations/New Animation.anim using Guid(a59bde836352b40579317aa5138b05ca) Importer(815301076,1909f56bfc062723c751e8b465ee728b)  -> (artifact id: 'c4f444c82c033f1d1be13d87fb97ceae') in 0.385604 seconds
  Import took 0.388470 seconds .

========================================================================
Received Import Request.
  Time since last request: 8.102980 seconds.
  path: Assets/Animations/Door.controller
  artifactKey: Guid(4d06675eb68a944ce850882234587acb) Importer(815301076,1909f56bfc062723c751e8b465ee728b)
Start importing Assets/Animations/Door.controller using Guid(4d06675eb68a944ce850882234587acb) Importer(815301076,1909f56bfc062723c751e8b465ee728b)  -> (artifact id: 'dad1c589ba2a15c8010e2e8c9cfd0586') in 0.149181 seconds
  Import took 0.152287 seconds .

========================================================================
Received Import Request.
  Time since last request: 5.030236 seconds.
  path: Assets/Animations/DoorAC.controller
  artifactKey: Guid(4d06675eb68a944ce850882234587acb) Importer(815301076,1909f56bfc062723c751e8b465ee728b)
Start importing Assets/Animations/DoorAC.controller using Guid(4d06675eb68a944ce850882234587acb) Importer(815301076,1909f56bfc062723c751e8b465ee728b)  -> (artifact id: 'f8cdc7628c736e34161e81cc8389f8cd') in 0.003969 seconds
  Import took 0.006728 seconds .

========================================================================
Received Import Request.
  Time since last request: 0.000505 seconds.
  path: Assets/Animations/DoorAC.controller
  artifactKey: Guid(4d06675eb68a944ce850882234587acb) Importer(815301076,1909f56bfc062723c751e8b465ee728b)
Start importing Assets/Animations/DoorAC.controller using Guid(4d06675eb68a944ce850882234587acb) Importer(815301076,1909f56bfc062723c751e8b465ee728b)  -> (artifact id: 'f8cdc7628c736e34161e81cc8389f8cd') in 0.001735 seconds
  Import took 0.003762 seconds .

========================================================================
Received Import Request.
  Time since last request: 25.423679 seconds.
  path: Assets/Animations/DoorIdleOff.anim
  artifactKey: Guid(a59bde836352b40579317aa5138b05ca) Importer(815301076,1909f56bfc062723c751e8b465ee728b)
Start importing Assets/Animations/DoorIdleOff.anim using Guid(a59bde836352b40579317aa5138b05ca) Importer(815301076,1909f56bfc062723c751e8b465ee728b)  -> (artifact id: '0106267ac75aee85d6eca056e94257a5') in 0.002100 seconds
  Import took 0.004879 seconds .

========================================================================
Received Import Request.
  Time since last request: 187.041994 seconds.
  path: Assets/Animations/DoorIdleOff 1.anim
  artifactKey: Guid(f85db75e9c3954950983e7f6fc0b7d86) Importer(815301076,1909f56bfc062723c751e8b465ee728b)
Start importing Assets/Animations/DoorIdleOff 1.anim using Guid(f85db75e9c3954950983e7f6fc0b7d86) Importer(815301076,1909f56bfc062723c751e8b465ee728b)  -> (artifact id: '3b16acfeb802f375eb3103d7c475be20') in 0.003423 seconds
  Import took 0.006092 seconds .

========================================================================
Received Import Request.
  Time since last request: 11.182003 seconds.
  path: Assets/Animations/DoorOpen.anim
  artifactKey: Guid(f85db75e9c3954950983e7f6fc0b7d86) Importer(815301076,1909f56bfc062723c751e8b465ee728b)
Start importing Assets/Animations/DoorOpen.anim using Guid(f85db75e9c3954950983e7f6fc0b7d86) Importer(815301076,1909f56bfc062723c751e8b465ee728b)  -> (artifact id: '443d91438840c305d5fdbd84a0f1ab95') in 0.002302 seconds
  Import took 0.004490 seconds .

========================================================================
Received Import Request.
  Time since last request: 7.397321 seconds.
  path: Assets/Animations/DoorAC.controller
  artifactKey: Guid(4d06675eb68a944ce850882234587acb) Importer(815301076,1909f56bfc062723c751e8b465ee728b)
Start importing Assets/Animations/DoorAC.controller using Guid(4d06675eb68a944ce850882234587acb) Importer(815301076,1909f56bfc062723c751e8b465ee728b)  -> (artifact id: '3eca0709dd188b398f61162d4e16270f') in 0.003408 seconds
  Import took 0.005829 seconds .

========================================================================
Received Import Request.
  Time since last request: 236.506918 seconds.
  path: Assets/Animations/DoorIdleOff.anim
  artifactKey: Guid(a59bde836352b40579317aa5138b05ca) Importer(815301076,1909f56bfc062723c751e8b465ee728b)
Start importing Assets/Animations/DoorIdleOff.anim using Guid(a59bde836352b40579317aa5138b05ca) Importer(815301076,1909f56bfc062723c751e8b465ee728b)  -> (artifact id: '1d246a7b853c5ac119d9d5123e3cde52') in 0.002509 seconds
  Import took 0.004825 seconds .

========================================================================
Received Import Request.
  Time since last request: 77.227344 seconds.
  path: Assets/Animations/DoorIdleClose.anim
  artifactKey: Guid(a59bde836352b40579317aa5138b05ca) Importer(815301076,1909f56bfc062723c751e8b465ee728b)
Start importing Assets/Animations/DoorIdleClose.anim using Guid(a59bde836352b40579317aa5138b05ca) Importer(815301076,1909f56bfc062723c751e8b465ee728b)  -> (artifact id: '49e533983d58bdce0ac8b761c6ecad47') in 0.003057 seconds
  Import took 0.005497 seconds .

========================================================================
Received Import Request.
  Time since last request: 2.212650 seconds.
  path: Assets/Animations/DoorIdleClose 1.anim
  artifactKey: Guid(ada597af0c4a447f1a6a902485e19d78) Importer(815301076,1909f56bfc062723c751e8b465ee728b)
Start importing Assets/Animations/DoorIdleClose 1.anim using Guid(ada597af0c4a447f1a6a902485e19d78) Importer(815301076,1909f56bfc062723c751e8b465ee728b)  -> (artifact id: 'c4ef2078080581aaebcd43832b1f9c78') in 0.003278 seconds
  Import took 0.005285 seconds .

========================================================================
Received Import Request.
  Time since last request: 7.578876 seconds.
  path: Assets/Animations/DoorIdleOpen.anim
  artifactKey: Guid(ada597af0c4a447f1a6a902485e19d78) Importer(815301076,1909f56bfc062723c751e8b465ee728b)
Start importing Assets/Animations/DoorIdleOpen.anim using Guid(ada597af0c4a447f1a6a902485e19d78) Importer(815301076,1909f56bfc062723c751e8b465ee728b)  -> (artifact id: 'b4ac45b89b4e8c637e476adbe2950e0b') in 0.004038 seconds
  Import took 0.006085 seconds .

========================================================================
Received Import Request.
  Time since last request: 1.197543 seconds.
  path: Assets/Animations/DoorIdleClose.anim
  artifactKey: Guid(a59bde836352b40579317aa5138b05ca) Importer(815301076,1909f56bfc062723c751e8b465ee728b)
Start importing Assets/Animations/DoorIdleClose.anim using Guid(a59bde836352b40579317aa5138b05ca) Importer(815301076,1909f56bfc062723c751e8b465ee728b)  -> (artifact id: '20354f5a706b956bbdaa47af23f50b14') in 0.002767 seconds
  Import took 0.005382 seconds .

========================================================================
Received Import Request.
  Time since last request: 63.339838 seconds.
  path: Assets/Animations/DoorAC.controller
  artifactKey: Guid(4d06675eb68a944ce850882234587acb) Importer(815301076,1909f56bfc062723c751e8b465ee728b)
Start importing Assets/Animations/DoorAC.controller using Guid(4d06675eb68a944ce850882234587acb) Importer(815301076,1909f56bfc062723c751e8b465ee728b)  -> (artifact id: '040886a055e0f9f8499e46bb78dc8cae') in 0.003695 seconds
  Import took 0.006682 seconds .

========================================================================
Received Import Request.
  Time since last request: 127.886699 seconds.
  path: Assets/Animations/DoorOpen.anim
  artifactKey: Guid(f85db75e9c3954950983e7f6fc0b7d86) Importer(815301076,1909f56bfc062723c751e8b465ee728b)
Start importing Assets/Animations/DoorOpen.anim using Guid(f85db75e9c3954950983e7f6fc0b7d86) Importer(815301076,1909f56bfc062723c751e8b465ee728b)  -> (artifact id: '0d0f5866dc08751ac22bfea7aba0b85a') in 0.002785 seconds
  Import took 0.004775 seconds .

========================================================================
Received Import Request.
  Time since last request: 1044.212554 seconds.
  path: Assets/Animations/DoorOpen 1.anim
  artifactKey: Guid(b67a58260dd5445638911575d68c9132) Importer(815301076,1909f56bfc062723c751e8b465ee728b)
Start importing Assets/Animations/DoorOpen 1.anim using Guid(b67a58260dd5445638911575d68c9132) Importer(815301076,1909f56bfc062723c751e8b465ee728b)  -> (artifact id: '2b3bb2adb2efe0d7fa152d024aacafdb') in 0.002303 seconds
  Import took 0.004394 seconds .

========================================================================
Received Import Request.
  Time since last request: 7.282201 seconds.
  path: Assets/Animations/DoorClose.anim
  artifactKey: Guid(b67a58260dd5445638911575d68c9132) Importer(815301076,1909f56bfc062723c751e8b465ee728b)
Start importing Assets/Animations/DoorClose.anim using Guid(b67a58260dd5445638911575d68c9132) Importer(815301076,1909f56bfc062723c751e8b465ee728b)  -> (artifact id: '5241ee63887cfc0053e471f59a8a8f84') in 0.002145 seconds
  Import took 0.004180 seconds .

========================================================================
Received Import Request.
  Time since last request: 174.423787 seconds.
  path: Assets/Animations/DoorAC.controller
  artifactKey: Guid(4d06675eb68a944ce850882234587acb) Importer(815301076,1909f56bfc062723c751e8b465ee728b)
Start importing Assets/Animations/DoorAC.controller using Guid(4d06675eb68a944ce850882234587acb) Importer(815301076,1909f56bfc062723c751e8b465ee728b)  -> (artifact id: '18d5a3b6d51cd335bea32d04ebce4f9f') in 0.002700 seconds
  Import took 0.005691 seconds .

========================================================================
Received Prepare
Registering precompiled user dll's ...
Registered in 0.000370 seconds.
Begin MonoManager ReloadAssembly
Native extension for WindowsStandalone target not found
Native extension for OSXStandalone target not found
Native extension for WebGL target not found
Refreshing native plugins compatible for Editor in 0.21 ms, found 1 plugins.
Preloading 0 native plugins for Editor in 0.00 ms.
Invoked RoslynAnalysisRunner static constructor.
RoslynAnalysisRunner will not be running.
RoslynAnalysisRunner has terminated.
Mono: successfully reloaded assembly
- Completed reload, in  0.903 seconds
Platform modules already initialized, skipping
Switching build target platform(2) subTarget(0) extendedPlatform(0) -> platform(13) subTarget(537395200) extendedPlatform(0)
Refreshing native plugins compatible for Editor in 0.38 ms, found 1 plugins.
Preloading 0 native plugins for Editor in 0.00 ms.
Unloading 1317 Unused Serialized files (Serialized files now loaded: 0)
System memory in use before: 130.8 MB.
System memory in use after: 130.9 MB.

Unloading 5 unused Assets to reduce memory usage. Loaded Objects now: 1765.
Total: 1.855349 ms (FindLiveObjects: 0.232596 ms CreateObjectMapping: 0.102464 ms MarkObjects: 1.503170 ms  DeleteObjects: 0.015612 ms)

AssetImportParameters requested are different than current active one (requested -> active):
  custom:graphics/normal-map-encoding: 01000000000000000000000000000000 -> 02000000000000000000000000000000
========================================================================
Received Prepare
Registering precompiled user dll's ...
Registered in 0.000349 seconds.
Begin MonoManager ReloadAssembly
Native extension for WindowsStandalone target not found
Native extension for OSXStandalone target not found
Native extension for WebGL target not found
Refreshing native plugins compatible for Editor in 0.21 ms, found 1 plugins.
Preloading 0 native plugins for Editor in 0.00 ms.
Invoked RoslynAnalysisRunner static constructor.
RoslynAnalysisRunner will not be running.
RoslynAnalysisRunner has terminated.
Mono: successfully reloaded assembly
- Completed reload, in  0.903 seconds
Platform modules already initialized, skipping
Switching build target platform(2) subTarget(0) extendedPlatform(0) -> platform(13) subTarget(537395200) extendedPlatform(0)
Refreshing native plugins compatible for Editor in 0.20 ms, found 1 plugins.
Preloading 0 native plugins for Editor in 0.00 ms.
Unloading 1316 Unused Serialized files (Serialized files now loaded: 0)
System memory in use before: 130.9 MB.
System memory in use after: 131.0 MB.

Unloading 5 unused Assets to reduce memory usage. Loaded Objects now: 1768.
Total: 2.106971 ms (FindLiveObjects: 0.213696 ms CreateObjectMapping: 0.086323 ms MarkObjects: 1.788668 ms  DeleteObjects: 0.016493 ms)

AssetImportParameters requested are different than current active one (requested -> active):
  custom:graphics/normal-map-encoding: 01000000000000000000000000000000 -> 02000000000000000000000000000000
========================================================================
Received Prepare
Registering precompiled user dll's ...
Registered in 0.000426 seconds.
Begin MonoManager ReloadAssembly
Native extension for WindowsStandalone target not found
Native extension for OSXStandalone target not found
Native extension for WebGL target not found
Refreshing native plugins compatible for Editor in 0.24 ms, found 1 plugins.
Preloading 0 native plugins for Editor in 0.00 ms.
Invoked RoslynAnalysisRunner static constructor.
RoslynAnalysisRunner will not be running.
RoslynAnalysisRunner has terminated.
Mono: successfully reloaded assembly
- Completed reload, in  0.900 seconds
Platform modules already initialized, skipping
Switching build target platform(2) subTarget(0) extendedPlatform(0) -> platform(13) subTarget(537395200) extendedPlatform(0)
Refreshing native plugins compatible for Editor in 0.20 ms, found 1 plugins.
Preloading 0 native plugins for Editor in 0.00 ms.
Unloading 1316 Unused Serialized files (Serialized files now loaded: 0)
System memory in use before: 131.1 MB.
System memory in use after: 131.2 MB.

Unloading 5 unused Assets to reduce memory usage. Loaded Objects now: 1771.
Total: 2.875519 ms (FindLiveObjects: 0.362746 ms CreateObjectMapping: 0.105569 ms MarkObjects: 2.379922 ms  DeleteObjects: 0.024335 ms)

AssetImportParameters requested are different than current active one (requested -> active):
  custom:graphics/normal-map-encoding: 01000000000000000000000000000000 -> 02000000000000000000000000000000
========================================================================
Received Prepare
Registering precompiled user dll's ...
Registered in 0.000341 seconds.
Begin MonoManager ReloadAssembly
Native extension for WindowsStandalone target not found
Native extension for OSXStandalone target not found
Native extension for WebGL target not found
Refreshing native plugins compatible for Editor in 0.21 ms, found 1 plugins.
Preloading 0 native plugins for Editor in 0.00 ms.
Invoked RoslynAnalysisRunner static constructor.
RoslynAnalysisRunner will not be running.
RoslynAnalysisRunner has terminated.
Mono: successfully reloaded assembly
- Completed reload, in  0.870 seconds
Platform modules already initialized, skipping
Switching build target platform(2) subTarget(0) extendedPlatform(0) -> platform(13) subTarget(537395200) extendedPlatform(0)
Refreshing native plugins compatible for Editor in 0.23 ms, found 1 plugins.
Preloading 0 native plugins for Editor in 0.00 ms.
Unloading 1316 Unused Serialized files (Serialized files now loaded: 0)
System memory in use before: 131.2 MB.
System memory in use after: 131.3 MB.

Unloading 5 unused Assets to reduce memory usage. Loaded Objects now: 1774.
Total: 1.597029 ms (FindLiveObjects: 0.174745 ms CreateObjectMapping: 0.043704 ms MarkObjects: 1.363507 ms  DeleteObjects: 0.013203 ms)

AssetImportParameters requested are different than current active one (requested -> active):
  custom:graphics/normal-map-encoding: 01000000000000000000000000000000 -> 02000000000000000000000000000000
========================================================================
Received Prepare
Registering precompiled user dll's ...
Registered in 0.000423 seconds.
Begin MonoManager ReloadAssembly
Native extension for WindowsStandalone target not found
Native extension for OSXStandalone target not found
Native extension for WebGL target not found
Refreshing native plugins compatible for Editor in 0.21 ms, found 1 plugins.
Preloading 0 native plugins for Editor in 0.00 ms.
Invoked RoslynAnalysisRunner static constructor.
RoslynAnalysisRunner will not be running.
RoslynAnalysisRunner has terminated.
Mono: successfully reloaded assembly
- Completed reload, in  0.865 seconds
Platform modules already initialized, skipping
Switching build target platform(2) subTarget(0) extendedPlatform(0) -> platform(13) subTarget(537395200) extendedPlatform(0)
Refreshing native plugins compatible for Editor in 0.19 ms, found 1 plugins.
Preloading 0 native plugins for Editor in 0.00 ms.
Unloading 1316 Unused Serialized files (Serialized files now loaded: 0)
System memory in use before: 131.5 MB.
System memory in use after: 131.6 MB.

Unloading 5 unused Assets to reduce memory usage. Loaded Objects now: 1777.
Total: 2.544476 ms (FindLiveObjects: 0.238827 ms CreateObjectMapping: 0.080609 ms MarkObjects: 2.204135 ms  DeleteObjects: 0.018213 ms)

AssetImportParameters requested are different than current active one (requested -> active):
  custom:graphics/normal-map-encoding: 01000000000000000000000000000000 -> 02000000000000000000000000000000
========================================================================
Received Prepare
Registering precompiled user dll's ...
Registered in 0.000366 seconds.
Begin MonoManager ReloadAssembly
Native extension for WindowsStandalone target not found
Native extension for OSXStandalone target not found
Native extension for WebGL target not found
Refreshing native plugins compatible for Editor in 0.21 ms, found 1 plugins.
Preloading 0 native plugins for Editor in 0.00 ms.
Invoked RoslynAnalysisRunner static constructor.
RoslynAnalysisRunner will not be running.
RoslynAnalysisRunner has terminated.
Mono: successfully reloaded assembly
- Completed reload, in  0.870 seconds
Platform modules already initialized, skipping
Switching build target platform(2) subTarget(0) extendedPlatform(0) -> platform(13) subTarget(537395200) extendedPlatform(0)
Refreshing native plugins compatible for Editor in 0.19 ms, found 1 plugins.
Preloading 0 native plugins for Editor in 0.00 ms.
Unloading 1316 Unused Serialized files (Serialized files now loaded: 0)
System memory in use before: 131.6 MB.
System memory in use after: 131.7 MB.

Unloading 5 unused Assets to reduce memory usage. Loaded Objects now: 1780.
Total: 2.137563 ms (FindLiveObjects: 0.208558 ms CreateObjectMapping: 0.061598 ms MarkObjects: 1.846856 ms  DeleteObjects: 0.018719 ms)

AssetImportParameters requested are different than current active one (requested -> active):
  custom:graphics/normal-map-encoding: 01000000000000000000000000000000 -> 02000000000000000000000000000000
========================================================================
Received Prepare
Registering precompiled user dll's ...
Registered in 0.000344 seconds.
Begin MonoManager ReloadAssembly
Native extension for WindowsStandalone target not found
Native extension for OSXStandalone target not found
Native extension for WebGL target not found
Refreshing native plugins compatible for Editor in 0.28 ms, found 1 plugins.
Preloading 0 native plugins for Editor in 0.00 ms.
Invoked RoslynAnalysisRunner static constructor.
RoslynAnalysisRunner will not be running.
RoslynAnalysisRunner has terminated.
Mono: successfully reloaded assembly
- Completed reload, in  0.886 seconds
Platform modules already initialized, skipping
Switching build target platform(2) subTarget(0) extendedPlatform(0) -> platform(13) subTarget(537395200) extendedPlatform(0)
Refreshing native plugins compatible for Editor in 0.20 ms, found 1 plugins.
Preloading 0 native plugins for Editor in 0.00 ms.
Unloading 1316 Unused Serialized files (Serialized files now loaded: 0)
System memory in use before: 131.8 MB.
System memory in use after: 131.9 MB.

Unloading 5 unused Assets to reduce memory usage. Loaded Objects now: 1783.
Total: 2.174789 ms (FindLiveObjects: 0.213955 ms CreateObjectMapping: 0.054674 ms MarkObjects: 1.885909 ms  DeleteObjects: 0.018304 ms)

AssetImportParameters requested are different than current active one (requested -> active):
  custom:graphics/normal-map-encoding: 01000000000000000000000000000000 -> 02000000000000000000000000000000
========================================================================
Received Prepare
Registering precompiled user dll's ...
Registered in 0.000334 seconds.
Begin MonoManager ReloadAssembly
Native extension for WindowsStandalone target not found
Native extension for OSXStandalone target not found
Native extension for WebGL target not found
Refreshing native plugins compatible for Editor in 0.21 ms, found 1 plugins.
Preloading 0 native plugins for Editor in 0.00 ms.
Invoked RoslynAnalysisRunner static constructor.
RoslynAnalysisRunner will not be running.
RoslynAnalysisRunner has terminated.
Mono: successfully reloaded assembly
- Completed reload, in  0.874 seconds
Platform modules already initialized, skipping
Switching build target platform(2) subTarget(0) extendedPlatform(0) -> platform(13) subTarget(537395200) extendedPlatform(0)
Refreshing native plugins compatible for Editor in 0.22 ms, found 1 plugins.
Preloading 0 native plugins for Editor in 0.00 ms.
Unloading 1316 Unused Serialized files (Serialized files now loaded: 0)
System memory in use before: 132.0 MB.
System memory in use after: 132.1 MB.

Unloading 5 unused Assets to reduce memory usage. Loaded Objects now: 1786.
Total: 1.576329 ms (FindLiveObjects: 0.157839 ms CreateObjectMapping: 0.042602 ms MarkObjects: 1.362860 ms  DeleteObjects: 0.011998 ms)

AssetImportParameters requested are different than current active one (requested -> active):
  custom:graphics/normal-map-encoding: 01000000000000000000000000000000 -> 02000000000000000000000000000000
========================================================================
Received Prepare
Registering precompiled user dll's ...
Registered in 0.000424 seconds.
Begin MonoManager ReloadAssembly
Native extension for WindowsStandalone target not found
Native extension for OSXStandalone target not found
Native extension for WebGL target not found
Refreshing native plugins compatible for Editor in 0.21 ms, found 1 plugins.
Preloading 0 native plugins for Editor in 0.00 ms.
Invoked RoslynAnalysisRunner static constructor.
RoslynAnalysisRunner will not be running.
RoslynAnalysisRunner has terminated.
Mono: successfully reloaded assembly
- Completed reload, in  0.856 seconds
Platform modules already initialized, skipping
Switching build target platform(2) subTarget(0) extendedPlatform(0) -> platform(13) subTarget(537395200) extendedPlatform(0)
Refreshing native plugins compatible for Editor in 0.19 ms, found 1 plugins.
Preloading 0 native plugins for Editor in 0.00 ms.
Unloading 1316 Unused Serialized files (Serialized files now loaded: 0)
System memory in use before: 132.1 MB.
System memory in use after: 132.2 MB.

Unloading 5 unused Assets to reduce memory usage. Loaded Objects now: 1789.
Total: 1.546490 ms (FindLiveObjects: 0.193581 ms CreateObjectMapping: 0.043849 ms MarkObjects: 1.293106 ms  DeleteObjects: 0.014129 ms)

AssetImportParameters requested are different than current active one (requested -> active):
  custom:graphics/normal-map-encoding: 01000000000000000000000000000000 -> 02000000000000000000000000000000
========================================================================
Received Prepare
Registering precompiled user dll's ...
Registered in 0.000403 seconds.
Begin MonoManager ReloadAssembly
Native extension for WindowsStandalone target not found
Native extension for OSXStandalone target not found
Native extension for WebGL target not found
Refreshing native plugins compatible for Editor in 0.22 ms, found 1 plugins.
Preloading 0 native plugins for Editor in 0.00 ms.
Invoked RoslynAnalysisRunner static constructor.
RoslynAnalysisRunner will not be running.
RoslynAnalysisRunner has terminated.
Mono: successfully reloaded assembly
- Completed reload, in  0.913 seconds
Platform modules already initialized, skipping
Switching build target platform(2) subTarget(0) extendedPlatform(0) -> platform(13) subTarget(537395200) extendedPlatform(0)
Refreshing native plugins compatible for Editor in 0.20 ms, found 1 plugins.
Preloading 0 native plugins for Editor in 0.00 ms.
Unloading 1316 Unused Serialized files (Serialized files now loaded: 0)
System memory in use before: 132.3 MB.
System memory in use after: 132.4 MB.

Unloading 5 unused Assets to reduce memory usage. Loaded Objects now: 1792.
Total: 1.807145 ms (FindLiveObjects: 0.214556 ms CreateObjectMapping: 0.055182 ms MarkObjects: 1.520004 ms  DeleteObjects: 0.015921 ms)

AssetImportParameters requested are different than current active one (requested -> active):
  custom:graphics/normal-map-encoding: 01000000000000000000000000000000 -> 02000000000000000000000000000000
========================================================================
Received Prepare
Registering precompiled user dll's ...
Registered in 0.000403 seconds.
Begin MonoManager ReloadAssembly
Native extension for WindowsStandalone target not found
Native extension for OSXStandalone target not found
Native extension for WebGL target not found
Refreshing native plugins compatible for Editor in 0.26 ms, found 1 plugins.
Preloading 0 native plugins for Editor in 0.00 ms.
Invoked RoslynAnalysisRunner static constructor.
RoslynAnalysisRunner will not be running.
RoslynAnalysisRunner has terminated.
Mono: successfully reloaded assembly
- Completed reload, in  0.893 seconds
Platform modules already initialized, skipping
Switching build target platform(2) subTarget(0) extendedPlatform(0) -> platform(13) subTarget(537395200) extendedPlatform(0)
Refreshing native plugins compatible for Editor in 0.22 ms, found 1 plugins.
Preloading 0 native plugins for Editor in 0.00 ms.
Unloading 1316 Unused Serialized files (Serialized files now loaded: 0)
System memory in use before: 132.5 MB.
System memory in use after: 132.6 MB.

Unloading 5 unused Assets to reduce memory usage. Loaded Objects now: 1795.
Total: 1.803033 ms (FindLiveObjects: 0.199303 ms CreateObjectMapping: 0.053337 ms MarkObjects: 1.533453 ms  DeleteObjects: 0.015518 ms)

AssetImportParameters requested are different than current active one (requested -> active):
  custom:graphics/normal-map-encoding: 01000000000000000000000000000000 -> 02000000000000000000000000000000
========================================================================
Received Prepare
Registering precompiled user dll's ...
Registered in 0.000363 seconds.
Begin MonoManager ReloadAssembly
Native extension for WindowsStandalone target not found
Native extension for OSXStandalone target not found
Native extension for WebGL target not found
Refreshing native plugins compatible for Editor in 0.22 ms, found 1 plugins.
Preloading 0 native plugins for Editor in 0.00 ms.
Invoked RoslynAnalysisRunner static constructor.
RoslynAnalysisRunner will not be running.
RoslynAnalysisRunner has terminated.
Mono: successfully reloaded assembly
- Completed reload, in  0.917 seconds
Platform modules already initialized, skipping
Switching build target platform(2) subTarget(0) extendedPlatform(0) -> platform(13) subTarget(537395200) extendedPlatform(0)
Refreshing native plugins compatible for Editor in 0.23 ms, found 1 plugins.
Preloading 0 native plugins for Editor in 0.00 ms.
Unloading 1316 Unused Serialized files (Serialized files now loaded: 0)
System memory in use before: 132.7 MB.
System memory in use after: 132.8 MB.

Unloading 5 unused Assets to reduce memory usage. Loaded Objects now: 1798.
Total: 1.805113 ms (FindLiveObjects: 0.185660 ms CreateObjectMapping: 0.052513 ms MarkObjects: 1.550408 ms  DeleteObjects: 0.015001 ms)

AssetImportParameters requested are different than current active one (requested -> active):
  custom:graphics/normal-map-encoding: 01000000000000000000000000000000 -> 02000000000000000000000000000000
========================================================================
Received Prepare
Registering precompiled user dll's ...
Registered in 0.000434 seconds.
Begin MonoManager ReloadAssembly
Native extension for WindowsStandalone target not found
Native extension for OSXStandalone target not found
Native extension for WebGL target not found
Refreshing native plugins compatible for Editor in 0.22 ms, found 1 plugins.
Preloading 0 native plugins for Editor in 0.00 ms.
Invoked RoslynAnalysisRunner static constructor.
RoslynAnalysisRunner will not be running.
RoslynAnalysisRunner has terminated.
Mono: successfully reloaded assembly
- Completed reload, in  0.860 seconds
Platform modules already initialized, skipping
Switching build target platform(2) subTarget(0) extendedPlatform(0) -> platform(13) subTarget(537395200) extendedPlatform(0)
Refreshing native plugins compatible for Editor in 0.19 ms, found 1 plugins.
Preloading 0 native plugins for Editor in 0.00 ms.
Unloading 1316 Unused Serialized files (Serialized files now loaded: 0)
System memory in use before: 132.8 MB.
System memory in use after: 132.9 MB.

Unloading 5 unused Assets to reduce memory usage. Loaded Objects now: 1801.
Total: 1.580919 ms (FindLiveObjects: 0.168600 ms CreateObjectMapping: 0.044318 ms MarkObjects: 1.352526 ms  DeleteObjects: 0.014211 ms)

AssetImportParameters requested are different than current active one (requested -> active):
  custom:graphics/normal-map-encoding: 01000000000000000000000000000000 -> 02000000000000000000000000000000
========================================================================
Received Prepare
Registering precompiled user dll's ...
Registered in 0.000414 seconds.
Begin MonoManager ReloadAssembly
Native extension for WindowsStandalone target not found
Native extension for OSXStandalone target not found
Native extension for WebGL target not found
Refreshing native plugins compatible for Editor in 0.21 ms, found 1 plugins.
Preloading 0 native plugins for Editor in 0.00 ms.
Invoked RoslynAnalysisRunner static constructor.
RoslynAnalysisRunner will not be running.
RoslynAnalysisRunner has terminated.
Mono: successfully reloaded assembly
- Completed reload, in  0.925 seconds
Platform modules already initialized, skipping
Switching build target platform(2) subTarget(0) extendedPlatform(0) -> platform(13) subTarget(537395200) extendedPlatform(0)
Refreshing native plugins compatible for Editor in 0.21 ms, found 1 plugins.
Preloading 0 native plugins for Editor in 0.00 ms.
Unloading 1316 Unused Serialized files (Serialized files now loaded: 0)
System memory in use before: 133.0 MB.
System memory in use after: 133.1 MB.

Unloading 5 unused Assets to reduce memory usage. Loaded Objects now: 1804.
Total: 1.909122 ms (FindLiveObjects: 0.185151 ms CreateObjectMapping: 0.053240 ms MarkObjects: 1.654268 ms  DeleteObjects: 0.014461 ms)

AssetImportParameters requested are different than current active one (requested -> active):
  custom:graphics/normal-map-encoding: 01000000000000000000000000000000 -> 02000000000000000000000000000000
========================================================================
Received Import Request.
  Time since last request: 1289.894140 seconds.
  path: ProjectSettings/TagManager.asset
  artifactKey: Guid(00000000000000003000000000000000) Importer(815301076,1909f56bfc062723c751e8b465ee728b)
Start importing ProjectSettings/TagManager.asset using Guid(00000000000000003000000000000000) Importer(815301076,1909f56bfc062723c751e8b465ee728b)  -> (artifact id: '72790eb196a4d978bb7a584dc642365a') in 0.152049 seconds
  Import took 0.155297 seconds .

========================================================================
Received Prepare
Registering precompiled user dll's ...
Registered in 0.000426 seconds.
Begin MonoManager ReloadAssembly
Native extension for WindowsStandalone target not found
Native extension for OSXStandalone target not found
Native extension for WebGL target not found
Refreshing native plugins compatible for Editor in 0.21 ms, found 1 plugins.
Preloading 0 native plugins for Editor in 0.00 ms.
Invoked RoslynAnalysisRunner static constructor.
RoslynAnalysisRunner will not be running.
RoslynAnalysisRunner has terminated.
Mono: successfully reloaded assembly
- Completed reload, in  0.913 seconds
Platform modules already initialized, skipping
Switching build target platform(2) subTarget(0) extendedPlatform(0) -> platform(13) subTarget(537395200) extendedPlatform(0)
Refreshing native plugins compatible for Editor in 0.21 ms, found 1 plugins.
Preloading 0 native plugins for Editor in 0.00 ms.
Unloading 1316 Unused Serialized files (Serialized files now loaded: 0)
System memory in use before: 137.4 MB.
System memory in use after: 137.5 MB.

Unloading 6 unused Assets to reduce memory usage. Loaded Objects now: 1807.
Total: 1.694647 ms (FindLiveObjects: 0.209596 ms CreateObjectMapping: 0.059591 ms MarkObjects: 1.407590 ms  DeleteObjects: 0.016267 ms)

AssetImportParameters requested are different than current active one (requested -> active):
  custom:graphics/normal-map-encoding: 01000000000000000000000000000000 -> 02000000000000000000000000000000
========================================================================
Received Prepare
Registering precompiled user dll's ...
Registered in 0.000458 seconds.
Begin MonoManager ReloadAssembly
Native extension for WindowsStandalone target not found
Native extension for OSXStandalone target not found
Native extension for WebGL target not found
Refreshing native plugins compatible for Editor in 0.22 ms, found 1 plugins.
Preloading 0 native plugins for Editor in 0.00 ms.
Invoked RoslynAnalysisRunner static constructor.
RoslynAnalysisRunner will not be running.
RoslynAnalysisRunner has terminated.
Mono: successfully reloaded assembly
- Completed reload, in  0.859 seconds
Platform modules already initialized, skipping
Switching build target platform(2) subTarget(0) extendedPlatform(0) -> platform(13) subTarget(537395200) extendedPlatform(0)
Refreshing native plugins compatible for Editor in 0.19 ms, found 1 plugins.
Preloading 0 native plugins for Editor in 0.00 ms.
Unloading 1316 Unused Serialized files (Serialized files now loaded: 0)
System memory in use before: 137.5 MB.
System memory in use after: 137.6 MB.

Unloading 5 unused Assets to reduce memory usage. Loaded Objects now: 1810.
Total: 1.821869 ms (FindLiveObjects: 0.213345 ms CreateObjectMapping: 0.059057 ms MarkObjects: 1.532421 ms  DeleteObjects: 0.015426 ms)

AssetImportParameters requested are different than current active one (requested -> active):
  custom:graphics/normal-map-encoding: 01000000000000000000000000000000 -> 02000000000000000000000000000000
========================================================================
Received Prepare
Registering precompiled user dll's ...
Registered in 0.000418 seconds.
Begin MonoManager ReloadAssembly
Native extension for WindowsStandalone target not found
Native extension for OSXStandalone target not found
Native extension for WebGL target not found
Refreshing native plugins compatible for Editor in 0.21 ms, found 1 plugins.
Preloading 0 native plugins for Editor in 0.00 ms.
Invoked RoslynAnalysisRunner static constructor.
RoslynAnalysisRunner will not be running.
RoslynAnalysisRunner has terminated.
Mono: successfully reloaded assembly
- Completed reload, in  0.903 seconds
Platform modules already initialized, skipping
Switching build target platform(2) subTarget(0) extendedPlatform(0) -> platform(13) subTarget(537395200) extendedPlatform(0)
Refreshing native plugins compatible for Editor in 0.20 ms, found 1 plugins.
Preloading 0 native plugins for Editor in 0.00 ms.
Unloading 1316 Unused Serialized files (Serialized files now loaded: 0)
System memory in use before: 137.7 MB.
System memory in use after: 137.8 MB.

Unloading 5 unused Assets to reduce memory usage. Loaded Objects now: 1813.
Total: 2.904371 ms (FindLiveObjects: 0.296600 ms CreateObjectMapping: 0.076140 ms MarkObjects: 2.511938 ms  DeleteObjects: 0.017597 ms)

AssetImportParameters requested are different than current active one (requested -> active):
  custom:graphics/normal-map-encoding: 01000000000000000000000000000000 -> 02000000000000000000000000000000
========================================================================
Received Prepare
Registering precompiled user dll's ...
Registered in 0.000483 seconds.
Begin MonoManager ReloadAssembly
Native extension for WindowsStandalone target not found
Native extension for OSXStandalone target not found
Native extension for WebGL target not found
Refreshing native plugins compatible for Editor in 0.21 ms, found 1 plugins.
Preloading 0 native plugins for Editor in 0.00 ms.
Invoked RoslynAnalysisRunner static constructor.
RoslynAnalysisRunner will not be running.
RoslynAnalysisRunner has terminated.
Mono: successfully reloaded assembly
- Completed reload, in  0.858 seconds
Platform modules already initialized, skipping
Switching build target platform(2) subTarget(0) extendedPlatform(0) -> platform(13) subTarget(537395200) extendedPlatform(0)
Refreshing native plugins compatible for Editor in 0.26 ms, found 1 plugins.
Preloading 0 native plugins for Editor in 0.00 ms.
Unloading 1316 Unused Serialized files (Serialized files now loaded: 0)
System memory in use before: 137.9 MB.
System memory in use after: 138.0 MB.

Unloading 5 unused Assets to reduce memory usage. Loaded Objects now: 1816.
Total: 2.163274 ms (FindLiveObjects: 0.217389 ms CreateObjectMapping: 0.084780 ms MarkObjects: 1.843358 ms  DeleteObjects: 0.015818 ms)

AssetImportParameters requested are different than current active one (requested -> active):
  custom:graphics/normal-map-encoding: 01000000000000000000000000000000 -> 02000000000000000000000000000000
AssetImportWorkerClient::OnTransportError - code=2 error=End of file
